C51 COMPILER V9.60.7.0   MAIN                                                              08/21/2024 12:23:01 PAGE 1   


C51 COMPILER V9.60.7.0, COMPILATION OF MODULE MAIN
OBJECT MODULE PLACED IN .\Objects\main.obj
COMPILER INVOKED BY: C:\Keil_v5\C51\BIN\C51.EXE main.c OPTIMIZE(8,SPEED) BROWSE DEBUG OBJECTEXTEND PRINT(.\Listings\main
                    -.lst) TABS(2) OBJECT(.\Objects\main.obj)

line level    source

   1          #include "rtc.h"
   2          #include "LCD.h"
   3          
   4          void main(void) {
   5   1          unsigned char timeDate[7] = {0x00, 0x25, 0x10, 0x03, 0x15, 0x08, 0x24}; // Example time: 10:25:00 Tues
             -day, 15th August 2024
   6   1      
   7   1          RTC_Init();
   8   1          LCD_Init(); // Initialize LCD
   9   1      
  10   1          // Write time and date to RTC
  11   1          RTC_WriteTimeDate(timeDate);
  12   1      
  13   1          // Read time and date from RTC
  14   1          RTC_ReadTimeDate(timeDate);
  15   1      
  16   1          // Display the time and date on the LCD
  17   1          LCD_DisplayTimeDate(timeDate);  // Display time and date
  18   1      
  19   1          while(1) {
  20   2              // Continuous operation
  21   2          }
  22   1      }


MODULE INFORMATION:   STATIC OVERLAYABLE
   CODE SIZE        =     54    ----
   CONSTANT SIZE    =      7    ----
   XDATA SIZE       =   ----    ----
   PDATA SIZE       =   ----    ----
   DATA SIZE        =   ----       7
   IDATA SIZE       =   ----    ----
   BIT SIZE         =   ----    ----
END OF MODULE INFORMATION.


C51 COMPILATION COMPLETE.  0 WARNING(S),  0 ERROR(S)
