C51 COMPILER V9.60.7.0   TASK_16                                                           08/15/2024 16:30:18 PAGE 1   


C51 COMPILER V9.60.7.0, COMPILATION OF MODULE TASK_16
OBJECT MODULE PLACED IN .\Objects\task_16.obj
COMPILER INVOKED BY: C:\Keil_v5\C51\BIN\C51.EXE task_16.c OPTIMIZE(8,SPEED) BROWSE DEBUG OBJECTEXTEND PRINT(.\Listings\t
                    -ask_16.lst) TABS(2) OBJECT(.\Objects\task_16.obj)

line level    source

   1          #include <reg51.h>
   2          
   3          // DS1302 Connections
   4          sbit SCLK = P3^6;
   5          sbit IO = P3^4;
   6          sbit CE = P3^5;
   7          
   8          // LCD Connections
   9          sbit RS = P2^0;
  10          sbit RW = P2^1;
  11          sbit EN = P2^2;
  12          
  13          // Function to Send Command to LCD
  14          void LCD_Command(unsigned char cmd) {
  15   1          RS = 0;          // Command mode
  16   1          RW = 0;          // Write operation
  17   1      
  18   1          // Send higher nibble
  19   1          P2 = (cmd & 0xF0);
  20   1          EN = 1;
  21   1          EN = 0;
  22   1      
  23   1          // Send lower nibble
  24   1          P2 = ((cmd << 4) & 0xF0);
  25   1          EN = 1;
  26   1          EN = 0;
  27   1      }
  28          
  29          // Function to Send Data to LCD
  30          void LCD_Data(unsigned char data) {
*** ERROR C141 IN LINE 30 OF task_16.c: syntax error near ')', expected '<id>'
  31   1          RS = 1;          // Data mode
  32   1          RW = 0;          // Write operation
  33   1      
  34   1          // Send higher nibble
  35   1          P2 = (data & 0xF0);
*** ERROR C141 IN LINE 35 OF task_16.c: syntax error near '&', expected 'bit'
*** ERROR C190 IN LINE 35 OF task_16.c: '&': not an lvalue
*** ERROR C141 IN LINE 35 OF task_16.c: syntax error near ')', expected ';'
  36   1          EN = 1;
  37   1          EN = 0;
  38   1      
  39   1          // Send lower nibble
  40   1          P2 = ((data << 4) & 0xF0);
*** ERROR C141 IN LINE 40 OF task_16.c: syntax error near '<<', expected 'bit'
*** ERROR C141 IN LINE 40 OF task_16.c: syntax error near ')', expected ';'
*** ERROR C190 IN LINE 40 OF task_16.c: '&': not an lvalue
*** ERROR C141 IN LINE 40 OF task_16.c: syntax error near ')', expected ';'
  41   1          EN = 1;
  42   1          EN = 0;
  43   1      }
  44          
  45          // LCD Initialization Function
  46          void LCD_Init() {
C51 COMPILER V9.60.7.0   TASK_16                                                           08/15/2024 16:30:18 PAGE 2   

  47   1          LCD_Command(0x02);  // Initialize LCD in 4-bit mode
  48   1          LCD_Command(0x28);  // 2 lines, 5x7 matrix
  49   1          LCD_Command(0x0C);  // Display ON, Cursor OFF
  50   1          LCD_Command(0x06);  // Increment cursor
  51   1          LCD_Command(0x01);  // Clear display
  52   1      }
  53          
  54          // Function to Display String on LCD
  55          void LCD_String(char* str) {
  56   1          while (*str) {
  57   2              LCD_Data(*str++);
  58   2          }
  59   1      }
  60          
  61          // DS1302 Functions (Assuming they are defined correctly elsewhere in your code)
  62          
  63          // Function to Read Time from DS1302 and Display on LCD
  64          void Display_Time() {
  65   1          unsigned char hour, minute, second;
  66   1          
  67   1          second = DS1302_GetSeconds();
  68   1          minute = DS1302_GetMinutes();
  69   1          hour = DS1302_GetHours();
  70   1          
  71   1          // Display in HH:MM:SS format
  72   1          LCD_Command(0x80);  // Move cursor to the first line
  73   1          LCD_Data((hour / 10) + '0');
  74   1          LCD_Data((hour % 10) + '0');
  75   1          LCD_Data(':');
  76   1          LCD_Data((minute / 10) + '0');
  77   1          LCD_Data((minute % 10) + '0');
  78   1          LCD_Data(':');
  79   1          LCD_Data((second / 10) + '0');
  80   1          LCD_Data((second % 10) + '0');
  81   1      }
  82          
  83          // Main Function
  84          void main() {
  85   1          LCD_Init();
  86   1          DS1302_SetTime(10, 30, 0);  // Set initial time (10:30:00)
  87   1      
  88   1          while(1) {
  89   2              Display_Time();  // Continuously update time on LCD
  90   2          }
  91   1      }

C51 COMPILATION COMPLETE.  0 WARNING(S),  8 ERROR(S)
