C51 COMPILER V9.60.7.0   LCD                                                               09/23/2024 12:05:08 PAGE 1   


C51 COMPILER V9.60.7.0, COMPILATION OF MODULE LCD
OBJECT MODULE PLACED IN .\Objects\lcd.obj
COMPILER INVOKED BY: C:\Keil_v5\C51\BIN\C51.EXE lcd.c OPTIMIZE(8,SPEED) BROWSE DEBUG OBJECTEXTEND PRINT(.\Listings\lcd.l
                    -st) TABS(2) OBJECT(.\Objects\lcd.obj)

line level    source

   1          #include <reg51.h>
   2          #include "TEMP.h"
   3          #include <string.h>
   4          
   5          #define lcd_data P0
   6          sbit RW=P2^5;
   7          sbit RS=P2^6;
   8          sbit EN=P2^7;
   9          
  10          void lcd_init()
  11          {
  12   1        lcd_command(0x38);
  13   1        lcd_command(0x0C);
  14   1        lcd_command(0x01);
  15   1        lcd_command(0x80);
  16   1      }
  17          
  18          void lcd_command(unsigned char cmd)
  19          {
  20   1        lcd_data=cmd;
  21   1        RW=0;
  22   1        RS=0;
  23   1        EN=1;
  24   1        delay(10);
  25   1        EN=0;
  26   1        delay(10);
  27   1      }
  28          void lcd_char(unsigned char dat)
  29          {
  30   1        lcd_data=dat;
  31   1        RW=0;
  32   1        RS=1;
  33   1        EN=1;
  34   1        delay(10);
  35   1        EN=0;
  36   1        delay(10);
  37   1      }
  38          void lcd_string(unsigned char *str)
  39          {
  40   1        int i;
  41   1        for(i=0; str[i]!=0; i++)
  42   1        {
  43   2          lcd_char(str[i]);
  44   2        }
  45   1        
  46   1      }
  47          void lcd_set_cursor(unsigned char row, unsigned char col)
  48          {
  49   1        unsigned char position;
  50   1        if(row==0)
  51   1        {
  52   2          position=0x80+col;
  53   2        }
  54   1        else
C51 COMPILER V9.60.7.0   LCD                                                               09/23/2024 12:05:08 PAGE 2   

  55   1        {
  56   2          position=0xC0+col;
  57   2        }
  58   1        lcd_command(position);
  59   1      }
  60          
  61          void delay (unsigned int time)
  62          {
  63   1        unsigned int i,j;
  64   1        for(i=0; i<time; i++)
  65   1        for(j=0; j<112; j++);
  66   1        
  67   1      }


MODULE INFORMATION:   STATIC OVERLAYABLE
   CODE SIZE        =    157    ----
   CONSTANT SIZE    =   ----    ----
   XDATA SIZE       =   ----    ----
   PDATA SIZE       =   ----    ----
   DATA SIZE        =   ----       6
   IDATA SIZE       =   ----    ----
   BIT SIZE         =   ----    ----
END OF MODULE INFORMATION.


C51 COMPILATION COMPLETE.  0 WARNING(S),  0 ERROR(S)
