C51 COMPILER V9.60.7.0   SERIAL                                                            09/23/2024 11:57:22 PAGE 1   


C51 COMPILER V9.60.7.0, COMPILATION OF MODULE SERIAL
OBJECT MODULE PLACED IN .\Objects\serial.obj
COMPILER INVOKED BY: C:\Keil_v5\C51\BIN\C51.EXE serial.c OPTIMIZE(8,SPEED) BROWSE DEBUG OBJECTEXTEND PRINT(.\Listings\se
                    -rial.lst) TABS(2) OBJECT(.\Objects\serial.obj)

line level    source

   1          #include<reg51.h>
   2          #include<main.h>
   3          unsigned char Unite1,Ten1,Hunderd1;
   4          unsigned char j=0;
   5          unsigned char z;
   6          unsigned char serial_values[5]={0};
   7            
   8          void display_num_serial(unsigned int z)
   9          {
  10   1        Hunderd1=(z/100) + 0x30; //hundred
  11   1        Ten1=(z%100/10) + 0x30; //ten
  12   1        Unite1=(z%10) + 0x30; //unit
  13   1        serial_values[0]= Hunderd1;
  14   1        serial_values[1]= Ten1;
  15   1        serial_values[2]= Unite1;
  16   1        serial_values[3]='\n';
  17   1       }
  18          void serial_data(void)
  19            {
  20   1         for(z=0;z<6;z++)
  21   1         {
  22   2         SBUF=serial_values[z];
  23   2           while(TI==0);
  24   2            TI=0;
  25   2            delay1(100);
  26   2         }
  27   1      
  28   1      
  29   1      //  while(arr[i]!='\0')
  30   1      //{
  31   1      //  SBUF=arr[i];
  32   1      //  while (TI==0);
  33   1      //  TI=0; 
  34   1      //  i++;
  35   1      //}
  36   1      //delay1(100);
  37   1      //i=0;
  38   1       }


MODULE INFORMATION:   STATIC OVERLAYABLE
   CODE SIZE        =    106    ----
   CONSTANT SIZE    =   ----    ----
   XDATA SIZE       =   ----    ----
   PDATA SIZE       =   ----    ----
   DATA SIZE        =     10    ----
   IDATA SIZE       =   ----    ----
   BIT SIZE         =   ----    ----
END OF MODULE INFORMATION.


C51 COMPILATION COMPLETE.  0 WARNING(S),  0 ERROR(S)
