C51 COMPILER V9.60.7.0   SSD                                                               09/23/2024 11:57:22 PAGE 1   


C51 COMPILER V9.60.7.0, COMPILATION OF MODULE SSD
OBJECT MODULE PLACED IN .\Objects\SSD.obj
COMPILER INVOKED BY: C:\Keil_v5\C51\BIN\C51.EXE SSD.c OPTIMIZE(8,SPEED) BROWSE DEBUG OBJECTEXTEND PRINT(.\Listings\SSD.l
                    -st) TABS(2) OBJECT(.\Objects\SSD.obj)

line level    source

   1          #include<reg51.h>
   2          #include  "main.h"
   3          
   4          
   5          unsigned char index=0;
   6          unsigned int select[]  =  {0x0C,0x08,0x04,0x00};
   7          unsigned int message[] = {0x3f,0x06,0x5B,0x4F,0x66,0x6D,0x7D,0x07,0x7F,0x67};
   8          unsigned char values[4];
   9          
  10          void display_num_7seg(unsigned char num)
  11          {
  12   1       int i=3;
  13   1       while(num!=0)
  14   1       {
  15   2        values[i]=num%10;
  16   2         num=num/10;
  17   2         i--;
  18   2       }
  19   1       
  20   1       }
  21          void values_on_ssd(void)
  22           {
  23   1        switch(values[index])
  24   1        {
  25   2          case 0:
  26   2             {
  27   3             P2=select[index];
  28   3             P0=message[0];    
  29   3             }
  30   2             break;
  31   2          case 1:
  32   2             {
  33   3             P2=select[index];
  34   3             P0=message[1];    
  35   3             }
  36   2             break;
  37   2          case 2:
  38   2             {
  39   3             P2=select[index];
  40   3             P0=message[2];    
  41   3             }
  42   2             break;
  43   2          case 3:
  44   2             {
  45   3              P2=select[index];
  46   3             P0=message[3];    
  47   3             }
  48   2             break;
  49   2          case 4:
  50   2             {
  51   3             P2=select[index];
  52   3             P0=message[4];    
  53   3             }
  54   2             break;
C51 COMPILER V9.60.7.0   SSD                                                               09/23/2024 11:57:22 PAGE 2   

  55   2          case 5:
  56   2             {
  57   3              P2=select[index];
  58   3             P0=message[5];    
  59   3             }
  60   2             break;
  61   2          case 6:
  62   2             {
  63   3              P2=select[index];
  64   3             P0=message[6];    
  65   3             }
  66   2             break;
  67   2          case 7:
  68   2             {
  69   3             P2=select[index];
  70   3             P0=message[7];    
  71   3             }
  72   2             break;
  73   2          case 8:
  74   2             {
  75   3             P2=select[index];
  76   3             P0=message[8];    
  77   3             }
  78   2             break;
  79   2          case 9:
  80   2             {
  81   3             P2=select[index];
  82   3             P0=message[9];    
  83   3             }
  84   2             break;
  85   2        default:
  86   2          break;
  87   2        }
  88   1       index+=1;
  89   1        if(index > 3)
  90   1                {
  91   2                  index=0;
  92   2                }
  93   1        
  94   1      }


MODULE INFORMATION:   STATIC OVERLAYABLE
   CODE SIZE        =    254    ----
   CONSTANT SIZE    =   ----    ----
   XDATA SIZE       =   ----    ----
   PDATA SIZE       =   ----    ----
   DATA SIZE        =     33    ----
   IDATA SIZE       =   ----    ----
   BIT SIZE         =   ----    ----
END OF MODULE INFORMATION.


C51 COMPILATION COMPLETE.  0 WARNING(S),  0 ERROR(S)
