C51 COMPILER V9.60.7.0   LCD                                                               09/24/2024 15:23:30 PAGE 1   


C51 COMPILER V9.60.7.0, COMPILATION OF MODULE LCD
OBJECT MODULE PLACED IN .\Objects\LCD.obj
COMPILER INVOKED BY: C:\Keil_v5\C51\BIN\C51.EXE LCD.c OPTIMIZE(8,SPEED) BROWSE DEBUG OBJECTEXTEND PRINT(.\Listings\LCD.l
                    -st) TABS(2) OBJECT(.\Objects\LCD.obj)

line level    source

   1          #include <reg51.h>
   2          #include "LCD.h"
   3          #include <string.h>
   4          #define lcd_data P0
   5          sbit RW=P2^5;
   6          sbit RS=P2^6;
   7          sbit EN=P2^7;
   8          
   9          void lcd_init()
  10          {
  11   1        lcd_command(0x38);
  12   1        lcd_command(0x0C);
  13   1        lcd_command(0x01);
  14   1        lcd_command(0x80);
  15   1      }
  16          
  17          
  18          // In LCD.c or another source file
  19          void extract_date_set_rtc(unsigned char *date_data)
  20          {
  21   1          // Example pseudo-code (you need to implement actual parsing and RTC setting):
  22   1          unsigned char day = date_data[0];
  23   1          unsigned char month = date_data[1];
  24   1          unsigned char year = date_data[2];
  25   1          
  26   1          // Set the RTC with the extracted date values
  27   1          DS1302_setdate(day, month, year);
  28   1      }
  29          
  30          
  31          void lcd_command(unsigned char cmd)
  32          {
  33   1        lcd_data=cmd;
  34   1        RW=0;
  35   1        RS=0;
  36   1        EN=1;
  37   1        delay(10);
  38   1        EN=0;
  39   1        delay(10);
  40   1      }
  41          void lcd_char(unsigned char dat)
  42          {
  43   1        lcd_data=dat;
  44   1        RW=0;
  45   1        RS=1;
  46   1        EN=1;
  47   1        delay(10);
  48   1        EN=0;
  49   1        delay(10);
  50   1      }
  51          void lcd_string(unsigned char *str)
  52          {
  53   1        int i;
  54   1        for(i=0; str[i]!=0; i++)
C51 COMPILER V9.60.7.0   LCD                                                               09/24/2024 15:23:30 PAGE 2   

  55   1        {
  56   2          lcd_char(str[i]);
  57   2        }
  58   1        
  59   1      }
  60          void lcd_set_cursor(unsigned char row, unsigned char col)
  61          {
  62   1        unsigned char position;
  63   1        if(row==0)
  64   1        {
  65   2          position=0x80+col;
  66   2        }
  67   1        else
  68   1        {
  69   2          position=0xC0+col;
  70   2        }
  71   1        lcd_command(position);
  72   1      }
  73          
  74          void delay (unsigned int time)
  75          {
  76   1        unsigned int i,j;
  77   1        for(i=0; i<time; i++)
  78   1        for(j=0; j<127; j++);
  79   1        
  80   1      }


MODULE INFORMATION:   STATIC OVERLAYABLE
   CODE SIZE        =    178    ----
   CONSTANT SIZE    =   ----    ----
   XDATA SIZE       =   ----    ----
   PDATA SIZE       =   ----    ----
   DATA SIZE        =   ----       6
   IDATA SIZE       =   ----    ----
   BIT SIZE         =   ----    ----
END OF MODULE INFORMATION.


C51 COMPILATION COMPLETE.  0 WARNING(S),  0 ERROR(S)
