C51 COMPILER V9.60.7.0   MAIN                                                              09/23/2024 11:36:20 PAGE 1   


C51 COMPILER V9.60.7.0, COMPILATION OF MODULE MAIN
OBJECT MODULE PLACED IN .\Objects\main.obj
COMPILER INVOKED BY: C:\Keil_v5\C51\BIN\C51.EXE main.c OPTIMIZE(8,SPEED) BROWSE DEBUG OBJECTEXTEND PRINT(.\Listings\main
                    -.lst) TABS(2) OBJECT(.\Objects\main.obj)

line level    source

   1          /*  https://blog.csdn.net/m0_74068921/article/details/131745259  */
   2          
   3          /* Include header files for special function register definitions, DS1302 RTC, and LCD1602 */
   4          #include <reg52.h>      // Include register definitions for the 8051 microcontroller
   5          #include "DS1302.h"    // Include header for DS1302 RTC functions
   6          #include "LCD1602.h"   // Include header for LCD1602 display functions
   7          
   8          void main() {
   9   1          /* Initialize the LCD and DS1302 RTC modules */
  10   1          LCD_Init();        // Set up the LCD with default settings
  11   1          DS1302_Init();     // Initialize the DS1302 RTC to prepare it for communication
  12   1      
  13   1          /* Set up the LCD with static text labels */
  14   1          LCD_ShowString(1, 1, "Date: "); // Display "Date: " on the first row starting from column 1
  15   1          LCD_ShowString(2, 1, "Time: "); // Display "Time: " on the second row starting from column 1
  16   1      
  17   1          DS1302_SetTime();  // Set the time on the DS1302 RTC
  18   1      
  19   1          while (1) {        // Infinite loop to continuously update the display
  20   2              DS1302_ReadTime(); // Read the current time and date from the DS1302 RTC
  21   2      
  22   2              /* Display Date on the LCD */
  23   2              LCD_ShowNum(1, 7, DS1302_Time[2], 2); // Show the day on the first row, starting at column 7
  24   2              LCD_ShowChar(1, 9, '/');              // Display '/' separator after the day
  25   2              LCD_ShowNum(1, 10, DS1302_Time[1], 2); // Show the month on the first row, starting at column 10
  26   2              LCD_ShowChar(1, 12, '/');             // Display '/' separator after the month
  27   2              LCD_ShowNum(1, 13, DS1302_Time[0], 2); // Show the year on the first row, starting at column 13
  28   2      
  29   2              /* Display Time on the LCD */
  30   2              LCD_ShowNum(2, 7, DS1302_Time[3], 2); // Show the hour on the second row, starting at column 7
  31   2              LCD_ShowChar(2, 9, ':');              // Display ':' separator after the hour
  32   2              LCD_ShowNum(2, 10, DS1302_Time[4], 2); // Show the minute on the second row, starting at column 10
  33   2              LCD_ShowChar(2, 12, ':');             // Display ':' separator after the minute
  34   2              LCD_ShowNum(2, 13, DS1302_Time[5], 2); // Show the second on the second row, starting at column 13
  35   2          }
  36   1      }
  37          
  38          
  39          
  40          
  41          
  42          
  43          
  44          
  45          
  46          
  47          
  48          // Uncommented code example for another way to display time and date
  49          
  50          // #include <reg52.H>
  51          // #include "Ds1302.h"
  52          // #include "LCD1602.h"
  53          
  54          // void main() {
C51 COMPILER V9.60.7.0   MAIN                                                              09/23/2024 11:36:20 PAGE 2   

  55          //     LCD_Init();       // Initialize the LCD
  56          //     DS1302_Init();    // Initialize the DS1302 RTC
  57          //     LCD_ShowString(1, 1, "  /  /  ");  // Set initial date format on LCD
  58          //     LCD_ShowString(2, 1, "  :  :  ");  // Set initial time format on LCD
  59          //     DS1302_SetTime(); // Set the RTC time
  60          
  61          //     while (1) {       // Infinite loop to continuously update the display
  62          //         DS1302_ReadTime(); // Read current date and time from the RTC
  63          //         LCD_ShowNum(1, 1, DS1302_Time[0], 2); // Show year
  64          //         LCD_ShowNum(1, 4, DS1302_Time[1], 2); // Show month
  65          //         LCD_ShowNum(1, 7, DS1302_Time[2], 2); // Show day
  66          //         LCD_ShowNum(2, 1, DS1302_Time[3], 2); // Show hour
  67          //         LCD_ShowNum(2, 4, DS1302_Time[4], 2); // Show minute
  68          //         LCD_ShowNum(2, 7, DS1302_Time[5], 2); // Show second
  69          //     }
  70          // }


MODULE INFORMATION:   STATIC OVERLAYABLE
   CODE SIZE        =    160    ----
   CONSTANT SIZE    =     14    ----
   XDATA SIZE       =   ----    ----
   PDATA SIZE       =   ----    ----
   DATA SIZE        =   ----    ----
   IDATA SIZE       =   ----    ----
   BIT SIZE         =   ----    ----
END OF MODULE INFORMATION.


C51 COMPILATION COMPLETE.  0 WARNING(S),  0 ERROR(S)
