C51 COMPILER V9.60.7.0   DS1302                                                            08/22/2024 15:42:47 PAGE 1   


C51 COMPILER V9.60.7.0, COMPILATION OF MODULE DS1302
OBJECT MODULE PLACED IN .\Objects\ds1302.obj
COMPILER INVOKED BY: C:\Keil_v5\C51\BIN\C51.EXE ds1302.c OPTIMIZE(8,SPEED) BROWSE DEBUG OBJECTEXTEND PRINT(.\Listings\ds
                    -1302.lst) TABS(2) OBJECT(.\Objects\ds1302.obj)

line level    source

   1          #include<reg51.h>
   2          #include "delay.h"
   3          #ifndef RTC_SCLK
   4          
   5          #define RTC_SCLK = P3^6
   6          #define RTC_IO   = P3^4
   7          #define RTC_RST  = P3^5
   8          
   9          #endif
  10          void write_ds1302_byte(char cmd) {
  11   1         char i;
  12   1      
  13   1         for(i=0; i<=7; i++) {
  14   2            output_bit(RTC_IO, shift_right(& cmd,1,0) );
*** ERROR C141 IN LINE 14 OF ds1302.c: syntax error near '=', expected 'sizeof'
  15   2            output_high(RTC_SCLK);
  16   2            output_low(RTC_SCLK);
  17   2         }
  18   1      }
  19          
  20          void write_ds1302(char cmd, char data) {
  21   1      
  22   1         output_high(RTC_RST);
  23   1         write_ds1302_byte(cmd);
  24   1         write_ds1302_byte(data);
  25   1         output_low(RTC_RST);
  26   1      }
  27          
  28          char read_ds1302(char cmd) {
  29   1         char i,data;
  30   1      
  31   1         output_high(RTC_RST);
  32   1         write_ds1302_byte(cmd);
  33   1      
  34   1         for(i=0;i<=7;++i) {
  35   2            shift_right(&data,1,input(RTC_IO));
  36   2            output_high(RTC_SCLK);
  37   2            delay_us(2);
  38   2            output_low(RTC_SCLK);
  39   2            delay_us(2);
  40   2         }
  41   1         output_low(RTC_RST);
  42   1         return(data);
  43   1      }
  44          
  45          void rtc_init() {
  46   1         char x;
  47   1         output_low(RTC_RST);
  48   1         delay_us(2);
  49   1         output_low(RTC_SCLK);
  50   1         write_ds1302(0x8e,0);
  51   1         write_ds1302(0x90,0xa6);
  52   1         x=read_ds1302(0x81);
  53   1         if((x & 0x80)!=0)
C51 COMPILER V9.60.7.0   DS1302                                                            08/22/2024 15:42:47 PAGE 2   

  54   1           write_ds1302(0x80,0);
  55   1      }
  56          
  57          void rtc_set_datetime(char day, char mth, char year, char hr, char min) {
  58   1         write_ds1302(0x86,day);
  59   1         write_ds1302(0x88,mth);
  60   1         write_ds1302(0x8c,year);
  61   1         write_ds1302(0x8a,dow);
  62   1         write_ds1302(0x84,hr);
  63   1         write_ds1302(0x82,min);
  64   1         write_ds1302(0x80,0);
  65   1      }
  66          
  67          void rtc_get_date(char* day, char* mth, char* year) {
  68   1         day = read_ds1302(0x87);
  69   1         mth = read_ds1302(0x89);
  70   1         year = read_ds1302(0x8d);
  71   1      }
  72          
  73          
  74          void rtc_get_time(char* hr, char* min, char* sec) {
  75   1         hr = read_ds1302(0x85);
  76   1         min = read_ds1302(0x83);
  77   1         sec = read_ds1302(0x81);
  78   1      }
  79          
  80          void rtc_write_nvr(char address, char data) {
  81   1         write_ds1302(address|0xc0,data);
  82   1      }
  83          
  84          char rtc_read_nvr(char address) {
  85   1          return(read_ds1302(address|0xc1));
  86   1      }

C51 COMPILATION COMPLETE.  0 WARNING(S),  1 ERROR(S)
