C51 COMPILER V9.60.7.0   BUT_FUNC                                                          08/23/2024 12:19:14 PAGE 1   


C51 COMPILER V9.60.7.0, COMPILATION OF MODULE BUT_FUNC
OBJECT MODULE PLACED IN .\Objects\But_func.obj
COMPILER INVOKED BY: C:\Keil_v5\C51\BIN\C51.EXE But_func.c OPTIMIZE(8,SPEED) BROWSE DEBUG OBJECTEXTEND PRINT(.\Listings\
                    -But_func.lst) TABS(2) OBJECT(.\Objects\But_func.obj)

line level    source

   1          #include <REGX52.H>
*** WARNING C318 IN LINE 1 OF But_func.c: can't open file 'REGX52.H'
   2          #include "Delay.h"
*** WARNING C318 IN LINE 2 OF But_func.c: can't open file 'Delay.h'
   3          
   4          unsigned char Key()
   5          {
   6   1        unsigned char KeyNumber=0;
   7   1        
   8   1        if(P3_1==0){Delay(20);while(P3_1==0);Delay(20);KeyNumber=1;}
*** ERROR C202 IN LINE 8 OF But_func.c: 'P3_1': undefined identifier
   9   1        if(P3_0==0){Delay(20);while(P3_0==0);Delay(20);KeyNumber=2;}
  10   1        if(P3_2==0){Delay(20);while(P3_2==0);Delay(20);KeyNumber=3;}
  11   1        if(P3_3==0){Delay(20);while(P3_3==0);Delay(20);KeyNumber=4;}
  12   1        
  13   1        return KeyNumber;
  14   1      }

C51 COMPILATION COMPLETE.  2 WARNING(S),  1 ERROR(S)
