C51 COMPILER V9.60.7.0   DS1302                                                            08/23/2024 12:19:14 PAGE 1   


C51 COMPILER V9.60.7.0, COMPILATION OF MODULE DS1302
OBJECT MODULE PLACED IN .\Objects\ds1302.obj
COMPILER INVOKED BY: C:\Keil_v5\C51\BIN\C51.EXE ds1302.c OPTIMIZE(8,SPEED) BROWSE DEBUG OBJECTEXTEND PRINT(.\Listings\ds
                    -1302.lst) TABS(2) OBJECT(.\Objects\ds1302.obj)

line level    source

   1          #include <REGX52.H>
*** WARNING C318 IN LINE 1 OF ds1302.c: can't open file 'REGX52.H'
   2          
   3          //????
   4          sbit DS1302_SCLK=P3^6;
*** ERROR C202 IN LINE 4 OF ds1302.c: 'P3': undefined identifier
   5          sbit DS1302_IO=P3^4;
*** ERROR C202 IN LINE 5 OF ds1302.c: 'P3': undefined identifier
   6          sbit DS1302_CE=P3^5;
*** ERROR C202 IN LINE 6 OF ds1302.c: 'P3': undefined identifier
   7          
   8          //???????/????
   9          #define DS1302_SECOND   0x80
  10          #define DS1302_MINUTE   0x82
  11          #define DS1302_HOUR     0x84
  12          #define DS1302_DATE     0x86
  13          #define DS1302_MONTH    0x88
  14          #define DS1302_DAY      0x8A
  15          #define DS1302_YEAR     0x8C
  16          #define DS1302_WP     0x8E
  17          
  18          //????,??0~6?????????????????,?????????<0???
  19          char DS1302_Time[]={21,1,19,12,00,00,1};
  20          
  21          void DS1302_Init(void)
  22          {
  23   1        DS1302_CE=0;
*** ERROR C202 IN LINE 23 OF ds1302.c: 'DS1302_CE': undefined identifier
  24   1        DS1302_SCLK=0;
*** ERROR C202 IN LINE 24 OF ds1302.c: 'DS1302_SCLK': undefined identifier
  25   1      }
  26          
  27          
  28          void DS1302_WriteByte(unsigned char Command,Data)
  29          {
  30   1        unsigned char i;
  31   1        DS1302_CE=1;
*** ERROR C202 IN LINE 31 OF ds1302.c: 'DS1302_CE': undefined identifier
  32   1        for(i=0;i<8;i++)
  33   1        {
  34   2          DS1302_IO=Command&(0x01<<i);
*** ERROR C202 IN LINE 34 OF ds1302.c: 'DS1302_IO': undefined identifier
  35   2          DS1302_SCLK=1;
*** ERROR C202 IN LINE 35 OF ds1302.c: 'DS1302_SCLK': undefined identifier
  36   2          DS1302_SCLK=0;
*** ERROR C202 IN LINE 36 OF ds1302.c: 'DS1302_SCLK': undefined identifier
  37   2        }
  38   1        for(i=0;i<8;i++)
  39   1        {
  40   2          DS1302_IO=Data&(0x01<<i);
*** ERROR C202 IN LINE 40 OF ds1302.c: 'DS1302_IO': undefined identifier
  41   2          DS1302_SCLK=1;
*** ERROR C202 IN LINE 41 OF ds1302.c: 'DS1302_SCLK': undefined identifier
  42   2          DS1302_SCLK=0;
C51 COMPILER V9.60.7.0   DS1302                                                            08/23/2024 12:19:14 PAGE 2   

*** ERROR C202 IN LINE 42 OF ds1302.c: 'DS1302_SCLK': undefined identifier
  43   2        }
  44   1        DS1302_CE=0;
*** ERROR C202 IN LINE 44 OF ds1302.c: 'DS1302_CE': undefined identifier
  45   1      }
  46          
  47          
  48          unsigned char DS1302_ReadByte(unsigned char Command)
  49          {
  50   1        unsigned char i,Data=0x00;
  51   1        Command|=0x01;  //?????????
  52   1        DS1302_CE=1;
*** ERROR C202 IN LINE 52 OF ds1302.c: 'DS1302_CE': undefined identifier
  53   1        for(i=0;i<8;i++)
  54   1        {
  55   2          DS1302_IO=Command&(0x01<<i);
*** ERROR C202 IN LINE 55 OF ds1302.c: 'DS1302_IO': undefined identifier
  56   2          DS1302_SCLK=0;
*** ERROR C202 IN LINE 56 OF ds1302.c: 'DS1302_SCLK': undefined identifier
  57   2          DS1302_SCLK=1;
*** ERROR C202 IN LINE 57 OF ds1302.c: 'DS1302_SCLK': undefined identifier
  58   2        }
  59   1        for(i=0;i<8;i++)
  60   1        {
  61   2          DS1302_SCLK=1;
*** ERROR C202 IN LINE 61 OF ds1302.c: 'DS1302_SCLK': undefined identifier
  62   2          DS1302_SCLK=0;
*** ERROR C202 IN LINE 62 OF ds1302.c: 'DS1302_SCLK': undefined identifier
  63   2          if(DS1302_IO){Data|=(0x01<<i);}
*** ERROR C202 IN LINE 63 OF ds1302.c: 'DS1302_IO': undefined identifier
  64   2        }
  65   1        DS1302_CE=0;
*** ERROR C202 IN LINE 65 OF ds1302.c: 'DS1302_CE': undefined identifier
  66   1        DS1302_IO=0;  //????IO???0,??????????
*** ERROR C202 IN LINE 66 OF ds1302.c: 'DS1302_IO': undefined identifier
  67   1        return Data;
  68   1      }
  69          
  70          void DS1302_SetTime(void)
  71          {
  72   1        DS1302_WriteByte(DS1302_WP,0x00);
  73   1        DS1302_WriteByte(DS1302_YEAR,DS1302_Time[0]/10*16+DS1302_Time[0]%10);//????BCD????
  74   1        DS1302_WriteByte(DS1302_MONTH,DS1302_Time[1]/10*16+DS1302_Time[1]%10);
  75   1        DS1302_WriteByte(DS1302_DATE,DS1302_Time[2]/10*16+DS1302_Time[2]%10);
  76   1        DS1302_WriteByte(DS1302_HOUR,DS1302_Time[3]/10*16+DS1302_Time[3]%10);
  77   1        DS1302_WriteByte(DS1302_MINUTE,DS1302_Time[4]/10*16+DS1302_Time[4]%10);
  78   1        DS1302_WriteByte(DS1302_SECOND,DS1302_Time[5]/10*16+DS1302_Time[5]%10);
  79   1        DS1302_WriteByte(DS1302_DAY,DS1302_Time[6]/10*16+DS1302_Time[6]%10);
  80   1        DS1302_WriteByte(DS1302_WP,0x80);
  81   1      }
  82          
  83          void DS1302_ReadTime(void)
  84          {
  85   1        unsigned char Temp;
  86   1        Temp=DS1302_ReadByte(DS1302_YEAR);
  87   1        DS1302_Time[0]=Temp/16*10+Temp%16;//BCD????????
  88   1        Temp=DS1302_ReadByte(DS1302_MONTH);
  89   1        DS1302_Time[1]=Temp/16*10+Temp%16;
  90   1        Temp=DS1302_ReadByte(DS1302_DATE);
  91   1        DS1302_Time[2]=Temp/16*10+Temp%16;
  92   1        Temp=DS1302_ReadByte(DS1302_HOUR);
  93   1        DS1302_Time[3]=Temp/16*10+Temp%16;
C51 COMPILER V9.60.7.0   DS1302                                                            08/23/2024 12:19:14 PAGE 3   

  94   1        Temp=DS1302_ReadByte(DS1302_MINUTE);
  95   1        DS1302_Time[4]=Temp/16*10+Temp%16;
  96   1        Temp=DS1302_ReadByte(DS1302_SECOND);
  97   1        DS1302_Time[5]=Temp/16*10+Temp%16;
  98   1        Temp=DS1302_ReadByte(DS1302_DAY);
  99   1        DS1302_Time[6]=Temp/16*10+Temp%16;
 100   1      }

C51 COMPILATION COMPLETE.  1 WARNING(S),  22 ERROR(S)
