C51 COMPILER V9.60.7.0   LCD                                                               08/23/2024 12:19:14 PAGE 1   


C51 COMPILER V9.60.7.0, COMPILATION OF MODULE LCD
OBJECT MODULE PLACED IN .\Objects\lcd.obj
COMPILER INVOKED BY: C:\Keil_v5\C51\BIN\C51.EXE lcd.c OPTIMIZE(8,SPEED) BROWSE DEBUG OBJECTEXTEND PRINT(.\Listings\lcd.l
                    -st) TABS(2) OBJECT(.\Objects\lcd.obj)

line level    source

   1          #include <REGX52.H>
*** WARNING C318 IN LINE 1 OF lcd.c: can't open file 'REGX52.H'
   2          
   3          //????:
   4          sbit LCD_RS=P2^6;
*** ERROR C202 IN LINE 4 OF lcd.c: 'P2': undefined identifier
   5          sbit LCD_RW=P2^5;
*** ERROR C202 IN LINE 5 OF lcd.c: 'P2': undefined identifier
   6          sbit LCD_EN=P2^7;
*** ERROR C202 IN LINE 6 OF lcd.c: 'P2': undefined identifier
   7          #define LCD_DataPort P0
   8          
   9          //????:
  10          /**
  11            * @brief  LCD1602????,12MHz?????1ms
  12            * @param  ?
  13            * @retval ?
  14            */
  15          void LCD_Delay()
  16          {
  17   1        unsigned char i, j;
  18   1      
  19   1        i = 2;
  20   1        j = 239;
  21   1        do
  22   1        {
  23   2          while (--j);
  24   2        } while (--i);
  25   1      }
  26          
  27          /**
  28            * @brief  LCD1602???
  29            * @param  Command ??????
  30            * @retval ?
  31            */
  32          void LCD_WriteCommand(unsigned char Command)
  33          {
  34   1        LCD_RS=0;
*** ERROR C202 IN LINE 34 OF lcd.c: 'LCD_RS': undefined identifier
  35   1        LCD_RW=0;
*** ERROR C202 IN LINE 35 OF lcd.c: 'LCD_RW': undefined identifier
  36   1        LCD_DataPort=Command;
*** ERROR C202 IN LINE 36 OF lcd.c: 'P0': undefined identifier
  37   1        LCD_EN=1;
*** ERROR C202 IN LINE 37 OF lcd.c: 'LCD_EN': undefined identifier
  38   1        LCD_Delay();
  39   1        LCD_EN=0;
*** ERROR C202 IN LINE 39 OF lcd.c: 'LCD_EN': undefined identifier
  40   1        LCD_Delay();
  41   1      }
  42          
  43          /**
  44            * @brief  LCD1602???
  45            * @param  Data ??????
C51 COMPILER V9.60.7.0   LCD                                                               08/23/2024 12:19:14 PAGE 2   

  46            * @retval ?
  47            */
  48          void LCD_WriteData(unsigned char Data)
  49          {
  50   1        LCD_RS=1;
*** ERROR C202 IN LINE 50 OF lcd.c: 'LCD_RS': undefined identifier
  51   1        LCD_RW=0;
*** ERROR C202 IN LINE 51 OF lcd.c: 'LCD_RW': undefined identifier
  52   1        LCD_DataPort=Data;
*** ERROR C202 IN LINE 52 OF lcd.c: 'P0': undefined identifier
  53   1        LCD_EN=1;
*** ERROR C202 IN LINE 53 OF lcd.c: 'LCD_EN': undefined identifier
  54   1        LCD_Delay();
  55   1        LCD_EN=0;
*** ERROR C202 IN LINE 55 OF lcd.c: 'LCD_EN': undefined identifier
  56   1        LCD_Delay();
  57   1      }
  58          
  59          /**
  60            * @brief  LCD1602??????
  61            * @param  Line ???,??:1~2
  62            * @param  Column ???,??:1~16
  63            * @retval ?
  64            */
  65          void LCD_SetCursor(unsigned char Line,unsigned char Column)
  66          {
  67   1        if(Line==1)
  68   1        {
  69   2          LCD_WriteCommand(0x80|(Column-1));
  70   2        }
  71   1        else if(Line==2)
  72   1        {
  73   2          LCD_WriteCommand(0x80|(Column-1+0x40));
  74   2        }
  75   1      }
  76          
  77          /**
  78            * @brief  LCD1602?????
  79            * @param  ?
  80            * @retval ?
  81            */
  82          void LCD_Init()
  83          {
  84   1        LCD_WriteCommand(0x38);//??????,????,5*7??
  85   1        LCD_WriteCommand(0x0c);//???,???,???
  86   1        LCD_WriteCommand(0x06);//???????,??????,????
  87   1        LCD_WriteCommand(0x01);//????,??
  88   1      }
  89          
  90          void LCD_ShowString(unsigned char Line,unsigned char Column,char *String)
  91          {
  92   1        unsigned char i;
  93   1        LCD_SetCursor(Line,Column);
  94   1        for(i=0;String[i]!='\0';i++)
  95   1        {
  96   2          LCD_WriteData(String[i]);
  97   2        }
  98   1      }
  99          
 100          /**
 101            * @brief  ???=X?Y??
 102            */
C51 COMPILER V9.60.7.0   LCD                                                               08/23/2024 12:19:14 PAGE 3   

 103          int LCD_Pow(int X,int Y)
 104          {
 105   1        unsigned char i;
 106   1        int Result=1;
 107   1        for(i=0;i<Y;i++)
 108   1        {
 109   2          Result*=X;
 110   2        }
 111   1        return Result;
 112   1      }
 113          
 114          /**
 115            * @brief  ?LCD1602????????????
 116            * @param  Line ?????,??:1~2
 117            * @param  Column ?????,??:1~16
 118            * @param  Number ??????,??:0~65535
 119            * @param  Length ????????,??:1~5
 120            * @retval ?
 121            */
 122          void LCD_ShowNum(unsigned char Line,unsigned char Column,unsigned int Number,unsigned char Length)
 123          {
 124   1        unsigned char i;
 125   1        LCD_SetCursor(Line,Column);
 126   1        for(i=Length;i>0;i--)
 127   1        {
 128   2          LCD_WriteData(Number/LCD_Pow(10,i-1)%10+'0');
 129   2        }
 130   1      }

C51 COMPILATION COMPLETE.  1 WARNING(S),  13 ERROR(S)
