C51 COMPILER V9.60.7.0   MAIN                                                              08/23/2024 12:19:14 PAGE 1   


C51 COMPILER V9.60.7.0, COMPILATION OF MODULE MAIN
OBJECT MODULE PLACED IN .\Objects\main.obj
COMPILER INVOKED BY: C:\Keil_v5\C51\BIN\C51.EXE main.c OPTIMIZE(8,SPEED) BROWSE DEBUG OBJECTEXTEND PRINT(.\Listings\main
                    -.lst) TABS(2) OBJECT(.\Objects\main.obj)

line level    source

   1          #include <REGX52.H>
*** WARNING C318 IN LINE 1 OF main.c: can't open file 'REGX52.H'
   2          #include "LCD1602.h"
*** WARNING C318 IN LINE 2 OF main.c: can't open file 'LCD1602.h'
   3          #include "DS1302.h"
*** WARNING C318 IN LINE 3 OF main.c: can't open file 'DS1302.h'
   4          #include "Key.h"
*** WARNING C318 IN LINE 4 OF main.c: can't open file 'Key.h'
   5          #include "Timer0.h"
*** WARNING C318 IN LINE 5 OF main.c: can't open file 'Timer0.h'
   6          
   7          unsigned char KeyNum,MODE,TimeSetSelect,TimeSetFlashFlag;
   8          
   9          void TimeShow(void)//??????
  10          {
  11   1        DS1302_ReadTime();//????
*** WARNING C206 IN LINE 11 OF main.c: 'DS1302_ReadTime': missing function-prototype
  12   1        LCD_ShowNum(1,1,DS1302_Time[0],2);//???
*** WARNING C206 IN LINE 12 OF main.c: 'LCD_ShowNum': missing function-prototype
*** ERROR C267 IN LINE 12 OF main.c: 'LCD_ShowNum': requires ANSI-style prototype
*** ERROR C202 IN LINE 12 OF main.c: 'DS1302_Time': undefined identifier
  13   1        LCD_ShowNum(1,4,DS1302_Time[1],2);//???
*** ERROR C202 IN LINE 13 OF main.c: 'DS1302_Time': undefined identifier
  14   1        LCD_ShowNum(1,7,DS1302_Time[2],2);//???
*** ERROR C202 IN LINE 14 OF main.c: 'DS1302_Time': undefined identifier
  15   1        LCD_ShowNum(2,1,DS1302_Time[3],2);//???
*** ERROR C202 IN LINE 15 OF main.c: 'DS1302_Time': undefined identifier
  16   1        LCD_ShowNum(2,4,DS1302_Time[4],2);//???
*** ERROR C202 IN LINE 16 OF main.c: 'DS1302_Time': undefined identifier
  17   1        LCD_ShowNum(2,7,DS1302_Time[5],2);//???
*** ERROR C202 IN LINE 17 OF main.c: 'DS1302_Time': undefined identifier
  18   1      }
  19          
  20          void TimeSet(void)//??????
  21          {
  22   1        if(KeyNum==2)//??2??
  23   1        {
  24   2          TimeSetSelect++;//??????1
  25   2          TimeSetSelect%=6;//???????0--5
  26   2        }
  27   1        if(KeyNum==3)//??3??
  28   1        {
  29   2          DS1302_Time[TimeSetSelect]++;//????????1
*** ERROR C202 IN LINE 29 OF main.c: 'DS1302_Time': undefined identifier
  30   2          if(DS1302_Time[0]>99){DS1302_Time[0]=0;}//?????
*** ERROR C202 IN LINE 30 OF main.c: 'DS1302_Time': undefined identifier
*** ERROR C202 IN LINE 30 OF main.c: 'DS1302_Time': undefined identifier
  31   2          if(DS1302_Time[1]>12){DS1302_Time[1]=1;}//?????
*** ERROR C202 IN LINE 31 OF main.c: 'DS1302_Time': undefined identifier
*** ERROR C202 IN LINE 31 OF main.c: 'DS1302_Time': undefined identifier
  32   2          if( DS1302_Time[1]==1 || DS1302_Time[1]==3 || DS1302_Time[1]==5 || DS1302_Time[1]==7 || 
*** ERROR C202 IN LINE 32 OF main.c: 'DS1302_Time': undefined identifier
  33   2            DS1302_Time[1]==8 || DS1302_Time[1]==10 || DS1302_Time[1]==12)//?????
  34   2          {
C51 COMPILER V9.60.7.0   MAIN                                                              08/23/2024 12:19:14 PAGE 2   

  35   3            if(DS1302_Time[2]>31){DS1302_Time[2]=1;}//??
*** ERROR C202 IN LINE 35 OF main.c: 'DS1302_Time': undefined identifier
*** ERROR C202 IN LINE 35 OF main.c: 'DS1302_Time': undefined identifier
  36   3          }
  37   2          else if(DS1302_Time[1]==4 || DS1302_Time[1]==6 || DS1302_Time[1]==9 || DS1302_Time[1]==11)
*** ERROR C202 IN LINE 37 OF main.c: 'DS1302_Time': undefined identifier
  38   2          {
  39   3            if(DS1302_Time[2]>30){DS1302_Time[2]=1;}//??
*** ERROR C202 IN LINE 39 OF main.c: 'DS1302_Time': undefined identifier
*** ERROR C202 IN LINE 39 OF main.c: 'DS1302_Time': undefined identifier
  40   3          }
  41   2          else if(DS1302_Time[1]==2)
*** ERROR C202 IN LINE 41 OF main.c: 'DS1302_Time': undefined identifier
  42   2          {
  43   3            if(DS1302_Time[0]%4==0)//????
*** ERROR C202 IN LINE 43 OF main.c: 'DS1302_Time': undefined identifier
  44   3            {
  45   4              if(DS1302_Time[2]>29){DS1302_Time[2]=1;}//??2?
*** ERROR C202 IN LINE 45 OF main.c: 'DS1302_Time': undefined identifier
*** ERROR C202 IN LINE 45 OF main.c: 'DS1302_Time': undefined identifier
  46   4            }
  47   3            else
  48   3            {
  49   4              if(DS1302_Time[2]>28){DS1302_Time[2]=1;}//??2?
*** ERROR C202 IN LINE 49 OF main.c: 'DS1302_Time': undefined identifier
*** ERROR C202 IN LINE 49 OF main.c: 'DS1302_Time': undefined identifier
  50   4            }
  51   3          }
  52   2          if(DS1302_Time[3]>23){DS1302_Time[3]=0;}//?????
*** ERROR C202 IN LINE 52 OF main.c: 'DS1302_Time': undefined identifier
*** ERROR C202 IN LINE 52 OF main.c: 'DS1302_Time': undefined identifier
  53   2          if(DS1302_Time[4]>59){DS1302_Time[4]=0;}//?????
*** ERROR C202 IN LINE 53 OF main.c: 'DS1302_Time': undefined identifier
*** ERROR C202 IN LINE 53 OF main.c: 'DS1302_Time': undefined identifier
  54   2          if(DS1302_Time[5]>59){DS1302_Time[5]=0;}//?????
*** ERROR C202 IN LINE 54 OF main.c: 'DS1302_Time': undefined identifier
*** ERROR C202 IN LINE 54 OF main.c: 'DS1302_Time': undefined identifier
  55   2        }
  56   1        if(KeyNum==4)//??4??
  57   1        {
  58   2          DS1302_Time[TimeSetSelect]--;//????????1
*** ERROR C202 IN LINE 58 OF main.c: 'DS1302_Time': undefined identifier
  59   2          if(DS1302_Time[0]<0){DS1302_Time[0]=99;}//?????
*** ERROR C202 IN LINE 59 OF main.c: 'DS1302_Time': undefined identifier
*** ERROR C202 IN LINE 59 OF main.c: 'DS1302_Time': undefined identifier
  60   2          if(DS1302_Time[1]<1){DS1302_Time[1]=12;}//?????
*** ERROR C202 IN LINE 60 OF main.c: 'DS1302_Time': undefined identifier
*** ERROR C202 IN LINE 60 OF main.c: 'DS1302_Time': undefined identifier
  61   2          if( DS1302_Time[1]==1 || DS1302_Time[1]==3 || DS1302_Time[1]==5 || DS1302_Time[1]==7 || 
*** ERROR C202 IN LINE 61 OF main.c: 'DS1302_Time': undefined identifier
  62   2            DS1302_Time[1]==8 || DS1302_Time[1]==10 || DS1302_Time[1]==12)//?????
  63   2          {
  64   3            if(DS1302_Time[2]<1){DS1302_Time[2]=31;}//??
*** ERROR C202 IN LINE 64 OF main.c: 'DS1302_Time': undefined identifier
*** ERROR C202 IN LINE 64 OF main.c: 'DS1302_Time': undefined identifier
  65   3            if(DS1302_Time[2]>31){DS1302_Time[2]=1;}//???????????,???????
*** ERROR C202 IN LINE 65 OF main.c: 'DS1302_Time': undefined identifier
*** ERROR C202 IN LINE 65 OF main.c: 'DS1302_Time': undefined identifier
  66   3          }
  67   2          else if(DS1302_Time[1]==4 || DS1302_Time[1]==6 || DS1302_Time[1]==9 || DS1302_Time[1]==11)
*** ERROR C202 IN LINE 67 OF main.c: 'DS1302_Time': undefined identifier
  68   2          {
C51 COMPILER V9.60.7.0   MAIN                                                              08/23/2024 12:19:14 PAGE 3   

  69   3            if(DS1302_Time[2]<1){DS1302_Time[2]=30;}//??
*** ERROR C202 IN LINE 69 OF main.c: 'DS1302_Time': undefined identifier
*** ERROR C202 IN LINE 69 OF main.c: 'DS1302_Time': undefined identifier
  70   3            if(DS1302_Time[2]>30){DS1302_Time[2]=1;}//???????????,???????31 -> 1
*** ERROR C202 IN LINE 70 OF main.c: 'DS1302_Time': undefined identifier
*** ERROR C202 IN LINE 70 OF main.c: 'DS1302_Time': undefined identifier
  71   3          }
  72   2          else if(DS1302_Time[1]==2)
*** ERROR C202 IN LINE 72 OF main.c: 'DS1302_Time': undefined identifier
  73   2          {
  74   3            if(DS1302_Time[0]%4==0)//????
*** ERROR C202 IN LINE 74 OF main.c: 'DS1302_Time': undefined identifier
  75   3            {
  76   4              if(DS1302_Time[2]<1){DS1302_Time[2]=29;}//??2?
*** ERROR C202 IN LINE 76 OF main.c: 'DS1302_Time': undefined identifier
*** ERROR C202 IN LINE 76 OF main.c: 'DS1302_Time': undefined identifier
  77   4              if(DS1302_Time[2]>29){DS1302_Time[2]=1;}//???????????,???????
*** ERROR C202 IN LINE 77 OF main.c: 'DS1302_Time': undefined identifier
*** ERROR C202 IN LINE 77 OF main.c: 'DS1302_Time': undefined identifier
  78   4            }
  79   3            else
  80   3            {
  81   4              if(DS1302_Time[2]<1){DS1302_Time[2]=28;}//??2?
*** ERROR C202 IN LINE 81 OF main.c: 'DS1302_Time': undefined identifier
*** ERROR C202 IN LINE 81 OF main.c: 'DS1302_Time': undefined identifier
  82   4              if(DS1302_Time[2]>28){DS1302_Time[2]=1;}//???????????,???????
*** ERROR C202 IN LINE 82 OF main.c: 'DS1302_Time': undefined identifier
*** ERROR C202 IN LINE 82 OF main.c: 'DS1302_Time': undefined identifier
  83   4            }
  84   3          }
  85   2          if(DS1302_Time[3]<0){DS1302_Time[3]=23;}//?????
*** ERROR C202 IN LINE 85 OF main.c: 'DS1302_Time': undefined identifier
*** ERROR C202 IN LINE 85 OF main.c: 'DS1302_Time': undefined identifier
  86   2          if(DS1302_Time[4]<0){DS1302_Time[4]=59;}//?????
*** ERROR C202 IN LINE 86 OF main.c: 'DS1302_Time': undefined identifier
*** ERROR C202 IN LINE 86 OF main.c: 'DS1302_Time': undefined identifier
  87   2          if(DS1302_Time[5]<0){DS1302_Time[5]=59;}//?????
*** ERROR C202 IN LINE 87 OF main.c: 'DS1302_Time': undefined identifier
*** ERROR C202 IN LINE 87 OF main.c: 'DS1302_Time': undefined identifier
  88   2        }
  89   1        //????,??TimeSetSelect(??????)?TimeSetFlashFlag?????????
  90   1        if(TimeSetSelect==0 && TimeSetFlashFlag==1){LCD_ShowString(1,1,"  ");}
  91   1        else {LCD_ShowNum(1,1,DS1302_Time[0],2);}
  92   1        if(TimeSetSelect==1 && TimeSetFlashFlag==1){LCD_ShowString(1,4,"  ");}
  93   1        else {LCD_ShowNum(1,4,DS1302_Time[1],2);}
  94   1        if(TimeSetSelect==2 && TimeSetFlashFlag==1){LCD_ShowString(1,7,"  ");}
  95   1        else {LCD_ShowNum(1,7,DS1302_Time[2],2);}
  96   1        if(TimeSetSelect==3 && TimeSetFlashFlag==1){LCD_ShowString(2,1,"  ");}
  97   1        else {LCD_ShowNum(2,1,DS1302_Time[3],2);}
  98   1        if(TimeSetSelect==4 && TimeSetFlashFlag==1){LCD_ShowString(2,4,"  ");}
  99   1        else {LCD_ShowNum(2,4,DS1302_Time[4],2);}
 100   1        if(TimeSetSelect==5 && TimeSetFlashFlag==1){LCD_ShowString(2,7,"  ");}
 101   1        else {LCD_ShowNum(2,7,DS1302_Time[5],2);}
 102   1      }
 103          
 104          void main()
 105          {
 106   1        LCD_Init();
 107   1        DS1302_Init();
 108   1        Timer0Init();
 109   1        LCD_ShowString(1,1,"  -  -  ");
 110   1        LCD_ShowString(2,1,"  :  :  ");
C51 COMPILER V9.60.7.0   MAIN                                                              08/23/2024 12:19:14 PAGE 4   

 111   1        
 112   1        DS1302_SetTime();
 113   1        
 114   1        while(1)
 115   1        {
 116   2          KeyNum=Key();
 117   2          if(KeyNum==1)//??1??
 118   2          {
 119   3            if(MODE==0){MODE=1;TimeSetSelect=0;}
 120   3            else if(MODE==1){MODE=0;DS1302_SetTime();}
 121   3          }
 122   2          switch(MODE)
 123   2          {
 124   3            case 0:TimeShow();break;
 125   3            case 1:TimeSet();break;
 126   3          }
 127   2        }
 128   1      }
 129          
 130          void Timer0_Routine() interrupt 1
 131          {
 132   1        static unsigned int T0Count;
 133   1        TL0 = 0x18;   
 134   1        TH0 = 0xFC;   
 135   1        T0Count++;
 136   1        if(T0Count>=500)//?500ms
 137   1        {
 138   2          T0Count=0;
 139   2          TimeSetFlashFlag=!TimeSetFlashFlag;
 140   2        }
 141   1      }

C51 COMPILATION COMPLETE.  7 WARNING(S),  61 ERROR(S)
